{"/app/server.js": {"path":"/app/server.js","statementMap":{"0":{"start":{"line":7,"column":19},"end":{"line":7,"column":28}},"1":{"start":{"line":8,"column":0},"end":{"line":8,"column":16}},"2":{"start":{"line":9,"column":0},"end":{"line":9,"column":24}},"3":{"start":{"line":10,"column":0},"end":{"line":10,"column":32}},"4":{"start":{"line":13,"column":0},"end":{"line":21,"column":3}},"5":{"start":{"line":14,"column":2},"end":{"line":20,"column":3}},"6":{"start":{"line":15,"column":19},"end":{"line":15,"column":88}},"7":{"start":{"line":16,"column":4},"end":{"line":16,"column":26}},"8":{"start":{"line":18,"column":4},"end":{"line":18,"column":47}},"9":{"start":{"line":19,"column":4},"end":{"line":19,"column":82}},"10":{"start":{"line":23,"column":13},"end":{"line":23,"column":37}},"11":{"start":{"line":26,"column":0},"end":{"line":30,"column":1}},"12":{"start":{"line":27,"column":2},"end":{"line":29,"column":5}},"13":{"start":{"line":28,"column":4},"end":{"line":28,"column":50}}},"fnMap":{"0":{"name":"(anonymous_0)","decl":{"start":{"line":13,"column":20},"end":{"line":13,"column":21}},"loc":{"start":{"line":13,"column":40},"end":{"line":21,"column":1}},"line":13},"1":{"name":"(anonymous_1)","decl":{"start":{"line":27,"column":19},"end":{"line":27,"column":20}},"loc":{"start":{"line":27,"column":25},"end":{"line":29,"column":3}},"line":27}},"branchMap":{"0":{"loc":{"start":{"line":23,"column":13},"end":{"line":23,"column":37}},"type":"binary-expr","locations":[{"start":{"line":23,"column":13},"end":{"line":23,"column":29}},{"start":{"line":23,"column":33},"end":{"line":23,"column":37}}],"line":23},"1":{"loc":{"start":{"line":26,"column":0},"end":{"line":30,"column":1}},"type":"if","locations":[{"start":{"line":26,"column":0},"end":{"line":30,"column":1}},{"start":{},"end":{}}],"line":26}},"s":{"0":1,"1":1,"2":1,"3":1,"4":1,"5":0,"6":0,"7":0,"8":0,"9":0,"10":1,"11":1,"12":0,"13":0},"f":{"0":0,"1":0},"b":{"0":[1,0],"1":[0,1]},"_coverageSchema":"1a1c01bbd47fc00a2c39e90264f33305004495a9","hash":"43d4abfb66c9d26af60bacaa9f89bd5bdd2fd411"}
,"/app/controllers/shoppingController.js": {"path":"/app/controllers/shoppingController.js","statementMap":{"0":{"start":{"line":20,"column":21},"end":{"line":41,"column":1}},"1":{"start":{"line":21,"column":1},"end":{"line":40,"column":5}},"2":{"start":{"line":22,"column":32},"end":{"line":22,"column":40}},"3":{"start":{"line":23,"column":8},"end":{"line":23,"column":40}},"4":{"start":{"line":25,"column":8},"end":{"line":27,"column":9}},"5":{"start":{"line":26,"column":12},"end":{"line":26,"column":81}},"6":{"start":{"line":30,"column":23},"end":{"line":30,"column":68}},"7":{"start":{"line":32,"column":8},"end":{"line":36,"column":11}},"8":{"start":{"line":38,"column":8},"end":{"line":38,"column":51}},"9":{"start":{"line":39,"column":8},"end":{"line":39,"column":71}},"10":{"start":{"line":42,"column":23},"end":{"line":55,"column":1}},"11":{"start":{"line":43,"column":5},"end":{"line":54,"column":9}},"12":{"start":{"line":44,"column":42},"end":{"line":44,"column":50}},"13":{"start":{"line":45,"column":12},"end":{"line":47,"column":13}},"14":{"start":{"line":46,"column":16},"end":{"line":46,"column":88}},"15":{"start":{"line":48,"column":12},"end":{"line":48,"column":74}},"16":{"start":{"line":49,"column":27},"end":{"line":49,"column":68}},"17":{"start":{"line":50,"column":12},"end":{"line":50,"column":48}},"18":{"start":{"line":52,"column":12},"end":{"line":52,"column":52}},"19":{"start":{"line":53,"column":12},"end":{"line":53,"column":66}},"20":{"start":{"line":57,"column":29},"end":{"line":91,"column":5}},"21":{"start":{"line":58,"column":5},"end":{"line":90,"column":9}},"22":{"start":{"line":59,"column":43},"end":{"line":59,"column":51}},"23":{"start":{"line":60,"column":12},"end":{"line":62,"column":13}},"24":{"start":{"line":61,"column":16},"end":{"line":61,"column":89}},"25":{"start":{"line":64,"column":12},"end":{"line":64,"column":71}},"26":{"start":{"line":67,"column":38},"end":{"line":67,"column":79}},"27":{"start":{"line":69,"column":12},"end":{"line":71,"column":13}},"28":{"start":{"line":70,"column":16},"end":{"line":70,"column":89}},"29":{"start":{"line":74,"column":29},"end":{"line":74,"column":31}},"30":{"start":{"line":75,"column":12},"end":{"line":78,"column":13}},"31":{"start":{"line":76,"column":31},"end":{"line":76,"column":71}},"32":{"start":{"line":77,"column":16},"end":{"line":77,"column":38}},"33":{"start":{"line":80,"column":12},"end":{"line":84,"column":15}},"34":{"start":{"line":87,"column":12},"end":{"line":87,"column":58}},"35":{"start":{"line":88,"column":12},"end":{"line":88,"column":54}},"36":{"start":{"line":89,"column":12},"end":{"line":89,"column":79}},"37":{"start":{"line":94,"column":29},"end":{"line":157,"column":1}},"38":{"start":{"line":95,"column":4},"end":{"line":95,"column":47}},"39":{"start":{"line":96,"column":4},"end":{"line":156,"column":5}},"40":{"start":{"line":97,"column":27},"end":{"line":97,"column":35}},"41":{"start":{"line":98,"column":8},"end":{"line":100,"column":9}},"42":{"start":{"line":99,"column":12},"end":{"line":99,"column":70}},"43":{"start":{"line":103,"column":30},"end":{"line":103,"column":60}},"44":{"start":{"line":105,"column":8},"end":{"line":117,"column":9}},"45":{"start":{"line":106,"column":12},"end":{"line":116,"column":13}},"46":{"start":{"line":107,"column":38},"end":{"line":107,"column":72}},"47":{"start":{"line":108,"column":16},"end":{"line":113,"column":17}},"48":{"start":{"line":109,"column":39},"end":{"line":109,"column":79}},"49":{"start":{"line":110,"column":20},"end":{"line":112,"column":21}},"50":{"start":{"line":111,"column":24},"end":{"line":111,"column":69}},"51":{"start":{"line":115,"column":16},"end":{"line":115,"column":81}},"52":{"start":{"line":120,"column":28},"end":{"line":120,"column":70}},"53":{"start":{"line":122,"column":8},"end":{"line":124,"column":9}},"54":{"start":{"line":123,"column":12},"end":{"line":123,"column":81}},"55":{"start":{"line":127,"column":35},"end":{"line":127,"column":69}},"56":{"start":{"line":130,"column":8},"end":{"line":133,"column":9}},"57":{"start":{"line":132,"column":12},"end":{"line":132,"column":86}},"58":{"start":{"line":136,"column":32},"end":{"line":136,"column":67}},"59":{"start":{"line":139,"column":31},"end":{"line":146,"column":10}},"60":{"start":{"line":141,"column":29},"end":{"line":141,"column":76}},"61":{"start":{"line":142,"column":12},"end":{"line":145,"column":14}},"62":{"start":{"line":148,"column":8},"end":{"line":151,"column":11}},"63":{"start":{"line":154,"column":8},"end":{"line":154,"column":63}},"64":{"start":{"line":155,"column":8},"end":{"line":155,"column":72}},"65":{"start":{"line":158,"column":34},"end":{"line":252,"column":5}},"66":{"start":{"line":159,"column":4},"end":{"line":159,"column":38}},"67":{"start":{"line":160,"column":5},"end":{"line":162,"column":9}},"68":{"start":{"line":161,"column":12},"end":{"line":161,"column":71}},"69":{"start":{"line":164,"column":27},"end":{"line":164,"column":35}},"70":{"start":{"line":165,"column":25},"end":{"line":165,"column":38}},"71":{"start":{"line":166,"column":25},"end":{"line":166,"column":42}},"72":{"start":{"line":168,"column":8},"end":{"line":251,"column":9}},"73":{"start":{"line":170,"column":36},"end":{"line":170,"column":38}},"74":{"start":{"line":172,"column":12},"end":{"line":180,"column":13}},"75":{"start":{"line":173,"column":16},"end":{"line":173,"column":49}},"76":{"start":{"line":174,"column":16},"end":{"line":174,"column":75}},"77":{"start":{"line":175,"column":19},"end":{"line":180,"column":13}},"78":{"start":{"line":176,"column":16},"end":{"line":176,"column":51}},"79":{"start":{"line":177,"column":16},"end":{"line":177,"column":87}},"80":{"start":{"line":179,"column":16},"end":{"line":179,"column":86}},"81":{"start":{"line":182,"column":12},"end":{"line":184,"column":13}},"82":{"start":{"line":183,"column":16},"end":{"line":183,"column":95}},"83":{"start":{"line":187,"column":12},"end":{"line":187,"column":77}},"84":{"start":{"line":188,"column":12},"end":{"line":190,"column":13}},"85":{"start":{"line":189,"column":16},"end":{"line":189,"column":57}},"86":{"start":{"line":195,"column":34},"end":{"line":195,"column":64}},"87":{"start":{"line":197,"column":12},"end":{"line":209,"column":13}},"88":{"start":{"line":198,"column":16},"end":{"line":208,"column":17}},"89":{"start":{"line":199,"column":42},"end":{"line":199,"column":76}},"90":{"start":{"line":200,"column":20},"end":{"line":205,"column":21}},"91":{"start":{"line":201,"column":43},"end":{"line":201,"column":83}},"92":{"start":{"line":202,"column":24},"end":{"line":204,"column":25}},"93":{"start":{"line":203,"column":28},"end":{"line":203,"column":73}},"94":{"start":{"line":207,"column":20},"end":{"line":207,"column":85}},"95":{"start":{"line":212,"column":32},"end":{"line":212,"column":74}},"96":{"start":{"line":214,"column":12},"end":{"line":220,"column":13}},"97":{"start":{"line":215,"column":43},"end":{"line":215,"column":77}},"98":{"start":{"line":216,"column":16},"end":{"line":219,"column":17}},"99":{"start":{"line":218,"column":20},"end":{"line":218,"column":94}},"100":{"start":{"line":222,"column":36},"end":{"line":222,"column":71}},"101":{"start":{"line":225,"column":43},"end":{"line":225,"column":85}},"102":{"start":{"line":226,"column":39},"end":{"line":226,"column":84}},"103":{"start":{"line":228,"column":34},"end":{"line":231,"column":14}},"104":{"start":{"line":229,"column":33},"end":{"line":229,"column":80}},"105":{"start":{"line":230,"column":16},"end":{"line":230,"column":64}},"106":{"start":{"line":234,"column":32},"end":{"line":234,"column":88}},"107":{"start":{"line":234,"column":60},"end":{"line":234,"column":74}},"108":{"start":{"line":235,"column":30},"end":{"line":235,"column":123}},"109":{"start":{"line":238,"column":12},"end":{"line":243,"column":15}},"110":{"start":{"line":246,"column":12},"end":{"line":246,"column":56}},"111":{"start":{"line":247,"column":12},"end":{"line":247,"column":87}},"112":{"start":{"line":250,"column":12},"end":{"line":250,"column":98}},"113":{"start":{"line":250,"column":51},"end":{"line":250,"column":96}},"114":{"start":{"line":254,"column":45},"end":{"line":286,"column":1}},"115":{"start":{"line":255,"column":4},"end":{"line":285,"column":5}},"116":{"start":{"line":256,"column":27},"end":{"line":256,"column":37}},"117":{"start":{"line":259,"column":28},"end":{"line":259,"column":63}},"118":{"start":{"line":262,"column":28},"end":{"line":262,"column":70}},"119":{"start":{"line":263,"column":31},"end":{"line":263,"column":65}},"120":{"start":{"line":266,"column":36},"end":{"line":275,"column":10}},"121":{"start":{"line":267,"column":30},"end":{"line":269,"column":33}},"122":{"start":{"line":271,"column":12},"end":{"line":274,"column":14}},"123":{"start":{"line":277,"column":8},"end":{"line":280,"column":11}},"124":{"start":{"line":283,"column":8},"end":{"line":283,"column":77}},"125":{"start":{"line":284,"column":8},"end":{"line":284,"column":69}},"126":{"start":{"line":288,"column":25},"end":{"line":301,"column":1}},"127":{"start":{"line":289,"column":4},"end":{"line":300,"column":5}},"128":{"start":{"line":290,"column":27},"end":{"line":290,"column":35}},"129":{"start":{"line":291,"column":8},"end":{"line":293,"column":9}},"130":{"start":{"line":292,"column":12},"end":{"line":292,"column":70}},"131":{"start":{"line":295,"column":8},"end":{"line":295,"column":36}},"132":{"start":{"line":296,"column":8},"end":{"line":296,"column":83}},"133":{"start":{"line":298,"column":8},"end":{"line":298,"column":50}},"134":{"start":{"line":299,"column":8},"end":{"line":299,"column":64}}},"fnMap":{"0":{"name":"(anonymous_0)","decl":{"start":{"line":20,"column":21},"end":{"line":20,"column":22}},"loc":{"start":{"line":20,"column":41},"end":{"line":41,"column":1}},"line":20},"1":{"name":"(anonymous_1)","decl":{"start":{"line":42,"column":23},"end":{"line":42,"column":24}},"loc":{"start":{"line":42,"column":43},"end":{"line":55,"column":1}},"line":42},"2":{"name":"(anonymous_2)","decl":{"start":{"line":57,"column":29},"end":{"line":57,"column":30}},"loc":{"start":{"line":57,"column":49},"end":{"line":91,"column":5}},"line":57},"3":{"name":"(anonymous_3)","decl":{"start":{"line":94,"column":29},"end":{"line":94,"column":30}},"loc":{"start":{"line":94,"column":49},"end":{"line":157,"column":1}},"line":94},"4":{"name":"(anonymous_4)","decl":{"start":{"line":139,"column":51},"end":{"line":139,"column":52}},"loc":{"start":{"line":139,"column":59},"end":{"line":146,"column":9}},"line":139},"5":{"name":"(anonymous_5)","decl":{"start":{"line":158,"column":34},"end":{"line":158,"column":35}},"loc":{"start":{"line":158,"column":54},"end":{"line":252,"column":5}},"line":158},"6":{"name":"(anonymous_6)","decl":{"start":{"line":228,"column":54},"end":{"line":228,"column":55}},"loc":{"start":{"line":228,"column":62},"end":{"line":231,"column":13}},"line":228},"7":{"name":"(anonymous_7)","decl":{"start":{"line":234,"column":52},"end":{"line":234,"column":53}},"loc":{"start":{"line":234,"column":60},"end":{"line":234,"column":74}},"line":234},"8":{"name":"(anonymous_8)","decl":{"start":{"line":250,"column":44},"end":{"line":250,"column":45}},"loc":{"start":{"line":250,"column":51},"end":{"line":250,"column":96}},"line":250},"9":{"name":"(anonymous_9)","decl":{"start":{"line":254,"column":45},"end":{"line":254,"column":46}},"loc":{"start":{"line":254,"column":65},"end":{"line":286,"column":1}},"line":254},"10":{"name":"(anonymous_10)","decl":{"start":{"line":266,"column":52},"end":{"line":266,"column":53}},"loc":{"start":{"line":266,"column":69},"end":{"line":275,"column":9}},"line":266},"11":{"name":"(anonymous_11)","decl":{"start":{"line":288,"column":25},"end":{"line":288,"column":26}},"loc":{"start":{"line":288,"column":45},"end":{"line":301,"column":1}},"line":288}},"branchMap":{"0":{"loc":{"start":{"line":25,"column":8},"end":{"line":27,"column":9}},"type":"if","locations":[{"start":{"line":25,"column":8},"end":{"line":27,"column":9}},{"start":{},"end":{}}],"line":25},"1":{"loc":{"start":{"line":25,"column":12},"end":{"line":25,"column":25}},"type":"binary-expr","locations":[{"start":{"line":25,"column":12},"end":{"line":25,"column":18}},{"start":{"line":25,"column":20},"end":{"line":25,"column":25}}],"line":25},"2":{"loc":{"start":{"line":30,"column":53},"end":{"line":30,"column":67}},"type":"binary-expr","locations":[{"start":{"line":30,"column":53},"end":{"line":30,"column":57}},{"start":{"line":30,"column":61},"end":{"line":30,"column":67}}],"line":30},"3":{"loc":{"start":{"line":45,"column":12},"end":{"line":47,"column":13}},"type":"if","locations":[{"start":{"line":45,"column":12},"end":{"line":47,"column":13}},{"start":{},"end":{}}],"line":45},"4":{"loc":{"start":{"line":45,"column":16},"end":{"line":45,"column":37}},"type":"binary-expr","locations":[{"start":{"line":45,"column":16},"end":{"line":45,"column":23}},{"start":{"line":45,"column":27},"end":{"line":45,"column":37}}],"line":45},"5":{"loc":{"start":{"line":60,"column":12},"end":{"line":62,"column":13}},"type":"if","locations":[{"start":{"line":60,"column":12},"end":{"line":62,"column":13}},{"start":{},"end":{}}],"line":60},"6":{"loc":{"start":{"line":60,"column":16},"end":{"line":60,"column":38}},"type":"binary-expr","locations":[{"start":{"line":60,"column":16},"end":{"line":60,"column":23}},{"start":{"line":60,"column":27},"end":{"line":60,"column":38}}],"line":60},"7":{"loc":{"start":{"line":69,"column":12},"end":{"line":71,"column":13}},"type":"if","locations":[{"start":{"line":69,"column":12},"end":{"line":71,"column":13}},{"start":{},"end":{}}],"line":69},"8":{"loc":{"start":{"line":69,"column":16},"end":{"line":69,"column":68}},"type":"binary-expr","locations":[{"start":{"line":69,"column":16},"end":{"line":69,"column":34}},{"start":{"line":69,"column":38},"end":{"line":69,"column":68}}],"line":69},"9":{"loc":{"start":{"line":98,"column":8},"end":{"line":100,"column":9}},"type":"if","locations":[{"start":{"line":98,"column":8},"end":{"line":100,"column":9}},{"start":{},"end":{}}],"line":98},"10":{"loc":{"start":{"line":108,"column":16},"end":{"line":113,"column":17}},"type":"if","locations":[{"start":{"line":108,"column":16},"end":{"line":113,"column":17}},{"start":{},"end":{}}],"line":108},"11":{"loc":{"start":{"line":110,"column":20},"end":{"line":112,"column":21}},"type":"if","locations":[{"start":{"line":110,"column":20},"end":{"line":112,"column":21}},{"start":{},"end":{}}],"line":110},"12":{"loc":{"start":{"line":122,"column":8},"end":{"line":124,"column":9}},"type":"if","locations":[{"start":{"line":122,"column":8},"end":{"line":124,"column":9}},{"start":{},"end":{}}],"line":122},"13":{"loc":{"start":{"line":141,"column":29},"end":{"line":141,"column":76}},"type":"binary-expr","locations":[{"start":{"line":141,"column":29},"end":{"line":141,"column":56}},{"start":{"line":141,"column":60},"end":{"line":141,"column":76}}],"line":141},"14":{"loc":{"start":{"line":160,"column":5},"end":{"line":162,"column":9}},"type":"if","locations":[{"start":{"line":160,"column":5},"end":{"line":162,"column":9}},{"start":{},"end":{}}],"line":160},"15":{"loc":{"start":{"line":172,"column":12},"end":{"line":180,"column":13}},"type":"if","locations":[{"start":{"line":172,"column":12},"end":{"line":180,"column":13}},{"start":{"line":175,"column":19},"end":{"line":180,"column":13}}],"line":172},"16":{"loc":{"start":{"line":175,"column":19},"end":{"line":180,"column":13}},"type":"if","locations":[{"start":{"line":175,"column":19},"end":{"line":180,"column":13}},{"start":{"line":178,"column":19},"end":{"line":180,"column":13}}],"line":175},"17":{"loc":{"start":{"line":182,"column":12},"end":{"line":184,"column":13}},"type":"if","locations":[{"start":{"line":182,"column":12},"end":{"line":184,"column":13}},{"start":{},"end":{}}],"line":182},"18":{"loc":{"start":{"line":182,"column":16},"end":{"line":182,"column":68}},"type":"binary-expr","locations":[{"start":{"line":182,"column":16},"end":{"line":182,"column":34}},{"start":{"line":182,"column":38},"end":{"line":182,"column":68}}],"line":182},"19":{"loc":{"start":{"line":200,"column":20},"end":{"line":205,"column":21}},"type":"if","locations":[{"start":{"line":200,"column":20},"end":{"line":205,"column":21}},{"start":{},"end":{}}],"line":200},"20":{"loc":{"start":{"line":202,"column":24},"end":{"line":204,"column":25}},"type":"if","locations":[{"start":{"line":202,"column":24},"end":{"line":204,"column":25}},{"start":{},"end":{}}],"line":202},"21":{"loc":{"start":{"line":214,"column":12},"end":{"line":220,"column":13}},"type":"if","locations":[{"start":{"line":214,"column":12},"end":{"line":220,"column":13}},{"start":{},"end":{}}],"line":214},"22":{"loc":{"start":{"line":229,"column":33},"end":{"line":229,"column":80}},"type":"binary-expr","locations":[{"start":{"line":229,"column":33},"end":{"line":229,"column":60}},{"start":{"line":229,"column":64},"end":{"line":229,"column":80}}],"line":229},"23":{"loc":{"start":{"line":247,"column":42},"end":{"line":247,"column":83}},"type":"binary-expr","locations":[{"start":{"line":247,"column":42},"end":{"line":247,"column":55}},{"start":{"line":247,"column":59},"end":{"line":247,"column":83}}],"line":247},"24":{"loc":{"start":{"line":267,"column":30},"end":{"line":269,"column":33}},"type":"cond-expr","locations":[{"start":{"line":268,"column":16},"end":{"line":268,"column":43}},{"start":{"line":269,"column":16},"end":{"line":269,"column":33}}],"line":267},"25":{"loc":{"start":{"line":291,"column":8},"end":{"line":293,"column":9}},"type":"if","locations":[{"start":{"line":291,"column":8},"end":{"line":293,"column":9}},{"start":{},"end":{}}],"line":291}},"s":{"0":2,"1":3,"2":3,"3":3,"4":3,"5":1,"6":2,"7":2,"8":0,"9":0,"10":2,"11":3,"12":3,"13":3,"14":1,"15":2,"16":2,"17":2,"18":0,"19":0,"20":2,"21":2,"22":2,"23":2,"24":0,"25":2,"26":2,"27":2,"28":0,"29":2,"30":2,"31":4,"32":4,"33":2,"34":0,"35":0,"36":0,"37":2,"38":2,"39":2,"40":2,"41":2,"42":0,"43":2,"44":2,"45":0,"46":0,"47":0,"48":0,"49":0,"50":0,"51":0,"52":2,"53":2,"54":0,"55":2,"56":2,"57":2,"58":2,"59":2,"60":2,"61":2,"62":2,"63":0,"64":0,"65":2,"66":3,"67":3,"68":1,"69":2,"70":2,"71":2,"72":2,"73":2,"74":2,"75":2,"76":2,"77":0,"78":0,"79":0,"80":0,"81":2,"82":0,"83":2,"84":2,"85":2,"86":2,"87":2,"88":0,"89":0,"90":0,"91":0,"92":0,"93":0,"94":0,"95":2,"96":2,"97":2,"98":2,"99":2,"100":2,"101":2,"102":2,"103":2,"104":2,"105":2,"106":2,"107":2,"108":2,"109":2,"110":0,"111":0,"112":2,"113":0,"114":2,"115":0,"116":0,"117":0,"118":0,"119":0,"120":0,"121":0,"122":0,"123":0,"124":0,"125":0,"126":2,"127":2,"128":2,"129":2,"130":0,"131":2,"132":2,"133":0,"134":0},"f":{"0":3,"1":3,"2":2,"3":2,"4":2,"5":3,"6":2,"7":2,"8":0,"9":0,"10":0,"11":2},"b":{"0":[1,2],"1":[3,2],"2":[2,0],"3":[1,2],"4":[3,3],"5":[0,2],"6":[2,2],"7":[0,2],"8":[2,2],"9":[0,2],"10":[0,0],"11":[0,0],"12":[0,2],"13":[2,0],"14":[1,2],"15":[2,0],"16":[0,0],"17":[0,2],"18":[2,2],"19":[0,0],"20":[0,0],"21":[2,0],"22":[2,0],"23":[0,0],"24":[0,0],"25":[0,2]},"_coverageSchema":"1a1c01bbd47fc00a2c39e90264f33305004495a9","hash":"f7cd0613fd3865f368487a1e263bbda383bf7aac"}
,"/app/db/db.js": {"path":"/app/db/db.js","statementMap":{"0":{"start":{"line":4,"column":20},"end":{"line":6,"column":2}}},"fnMap":{},"branchMap":{},"s":{"0":1},"f":{},"b":{},"_coverageSchema":"1a1c01bbd47fc00a2c39e90264f33305004495a9","hash":"63de765506d77ce18f012487bab1c4ce90700fc9"}
,"/app/routes/shoppingRoutes.js": {"path":"/app/routes/shoppingRoutes.js","statementMap":{"0":{"start":{"line":7,"column":15},"end":{"line":7,"column":31}},"1":{"start":{"line":8,"column":15},"end":{"line":8,"column":43}},"2":{"start":{"line":12,"column":0},"end":{"line":12,"column":43}},"3":{"start":{"line":15,"column":0},"end":{"line":15,"column":48}},"4":{"start":{"line":16,"column":0},"end":{"line":16,"column":61}},"5":{"start":{"line":17,"column":0},"end":{"line":17,"column":47}},"6":{"start":{"line":20,"column":0},"end":{"line":20,"column":55}},"7":{"start":{"line":21,"column":0},"end":{"line":21,"column":89}}},"fnMap":{},"branchMap":{},"s":{"0":1,"1":1,"2":1,"3":1,"4":1,"5":1,"6":1,"7":1},"f":{},"b":{},"_coverageSchema":"1a1c01bbd47fc00a2c39e90264f33305004495a9","hash":"6e849cca65b651825eeaf00a913fcafdcd4339d9"}
,"/app/utils/pathfinding.js": {"path":"/app/utils/pathfinding.js","statementMap":{"0":{"start":{"line":2,"column":13},"end":{"line":2,"column":14}},"1":{"start":{"line":3,"column":13},"end":{"line":3,"column":14}},"2":{"start":{"line":6,"column":27},"end":{"line":6,"column":45}},"3":{"start":{"line":13,"column":4},"end":{"line":15,"column":5}},"4":{"start":{"line":14,"column":8},"end":{"line":14,"column":45}},"5":{"start":{"line":18,"column":18},"end":{"line":18,"column":56}},"6":{"start":{"line":19,"column":20},"end":{"line":19,"column":29}},"7":{"start":{"line":20,"column":21},"end":{"line":20,"column":44}},"8":{"start":{"line":21,"column":4},"end":{"line":21,"column":26}},"9":{"start":{"line":23,"column":18},"end":{"line":28,"column":5}},"10":{"start":{"line":30,"column":4},"end":{"line":59,"column":5}},"11":{"start":{"line":31,"column":31},"end":{"line":31,"column":44}},"12":{"start":{"line":33,"column":8},"end":{"line":58,"column":9}},"13":{"start":{"line":34,"column":23},"end":{"line":34,"column":34}},"14":{"start":{"line":35,"column":23},"end":{"line":35,"column":34}},"15":{"start":{"line":37,"column":12},"end":{"line":57,"column":13}},"16":{"start":{"line":40,"column":16},"end":{"line":42,"column":17}},"17":{"start":{"line":41,"column":20},"end":{"line":41,"column":29}},"18":{"start":{"line":44,"column":31},"end":{"line":44,"column":44}},"19":{"start":{"line":45,"column":16},"end":{"line":45,"column":50}},"20":{"start":{"line":45,"column":41},"end":{"line":45,"column":50}},"21":{"start":{"line":48,"column":32},"end":{"line":48,"column":53}},"22":{"start":{"line":51,"column":16},"end":{"line":53,"column":17}},"23":{"start":{"line":52,"column":20},"end":{"line":52,"column":75}},"24":{"start":{"line":55,"column":16},"end":{"line":55,"column":36}},"25":{"start":{"line":56,"column":16},"end":{"line":56,"column":60}},"26":{"start":{"line":61,"column":4},"end":{"line":61,"column":48}},"27":{"start":{"line":70,"column":4},"end":{"line":70,"column":48}},"28":{"start":{"line":70,"column":38},"end":{"line":70,"column":48}},"29":{"start":{"line":73,"column":23},"end":{"line":73,"column":37}},"30":{"start":{"line":74,"column":23},"end":{"line":74,"column":33}},"31":{"start":{"line":77,"column":25},"end":{"line":81,"column":7}},"32":{"start":{"line":77,"column":54},"end":{"line":81,"column":5}},"33":{"start":{"line":83,"column":29},"end":{"line":83,"column":31}},"34":{"start":{"line":84,"column":23},"end":{"line":84,"column":24}},"35":{"start":{"line":86,"column":4},"end":{"line":136,"column":5}},"36":{"start":{"line":87,"column":31},"end":{"line":87,"column":39}},"37":{"start":{"line":88,"column":28},"end":{"line":88,"column":30}},"38":{"start":{"line":89,"column":23},"end":{"line":89,"column":25}},"39":{"start":{"line":91,"column":8},"end":{"line":109,"column":9}},"40":{"start":{"line":91,"column":21},"end":{"line":91,"column":22}},"41":{"start":{"line":92,"column":25},"end":{"line":92,"column":42}},"42":{"start":{"line":93,"column":27},"end":{"line":93,"column":78}},"43":{"start":{"line":97,"column":12},"end":{"line":102,"column":13}},"44":{"start":{"line":98,"column":16},"end":{"line":98,"column":37}},"45":{"start":{"line":99,"column":16},"end":{"line":99,"column":34}},"46":{"start":{"line":100,"column":16},"end":{"line":100,"column":30}},"47":{"start":{"line":101,"column":16},"end":{"line":101,"column":22}},"48":{"start":{"line":104,"column":12},"end":{"line":108,"column":13}},"49":{"start":{"line":105,"column":16},"end":{"line":105,"column":51}},"50":{"start":{"line":106,"column":16},"end":{"line":106,"column":34}},"51":{"start":{"line":107,"column":16},"end":{"line":107,"column":43}},"52":{"start":{"line":111,"column":8},"end":{"line":135,"column":9}},"53":{"start":{"line":112,"column":29},"end":{"line":112,"column":58}},"54":{"start":{"line":115,"column":12},"end":{"line":118,"column":14}},"55":{"start":{"line":121,"column":12},"end":{"line":121,"column":60}},"56":{"start":{"line":124,"column":12},"end":{"line":124,"column":52}},"57":{"start":{"line":128,"column":29},"end":{"line":128,"column":46}},"58":{"start":{"line":129,"column":12},"end":{"line":132,"column":14}},"59":{"start":{"line":133,"column":12},"end":{"line":133,"column":60}},"60":{"start":{"line":134,"column":12},"end":{"line":134,"column":40}},"61":{"start":{"line":138,"column":4},"end":{"line":138,"column":30}}},"fnMap":{"0":{"name":"getBFS_Path","decl":{"start":{"line":12,"column":9},"end":{"line":12,"column":20}},"loc":{"start":{"line":12,"column":33},"end":{"line":62,"column":1}},"line":12},"1":{"name":"calculateShortestPath","decl":{"start":{"line":69,"column":16},"end":{"line":69,"column":37}},"loc":{"start":{"line":69,"column":55},"end":{"line":139,"column":1}},"line":69},"2":{"name":"(anonymous_2)","decl":{"start":{"line":77,"column":45},"end":{"line":77,"column":46}},"loc":{"start":{"line":77,"column":54},"end":{"line":81,"column":5}},"line":77}},"branchMap":{"0":{"loc":{"start":{"line":13,"column":4},"end":{"line":15,"column":5}},"type":"if","locations":[{"start":{"line":13,"column":4},"end":{"line":15,"column":5}},{"start":{},"end":{}}],"line":13},"1":{"loc":{"start":{"line":13,"column":8},"end":{"line":13,"column":46}},"type":"binary-expr","locations":[{"start":{"line":13,"column":8},"end":{"line":13,"column":25}},{"start":{"line":13,"column":29},"end":{"line":13,"column":46}}],"line":13},"2":{"loc":{"start":{"line":37,"column":12},"end":{"line":57,"column":13}},"type":"if","locations":[{"start":{"line":37,"column":12},"end":{"line":57,"column":13}},{"start":{},"end":{}}],"line":37},"3":{"loc":{"start":{"line":37,"column":16},"end":{"line":37,"column":60}},"type":"binary-expr","locations":[{"start":{"line":37,"column":16},"end":{"line":37,"column":23}},{"start":{"line":37,"column":27},"end":{"line":37,"column":36}},{"start":{"line":37,"column":40},"end":{"line":37,"column":47}},{"start":{"line":37,"column":51},"end":{"line":37,"column":60}}],"line":37},"4":{"loc":{"start":{"line":40,"column":16},"end":{"line":42,"column":17}},"type":"if","locations":[{"start":{"line":40,"column":16},"end":{"line":42,"column":17}},{"start":{},"end":{}}],"line":40},"5":{"loc":{"start":{"line":40,"column":20},"end":{"line":40,"column":63}},"type":"binary-expr","locations":[{"start":{"line":40,"column":20},"end":{"line":40,"column":33}},{"start":{"line":40,"column":37},"end":{"line":40,"column":63}}],"line":40},"6":{"loc":{"start":{"line":45,"column":16},"end":{"line":45,"column":50}},"type":"if","locations":[{"start":{"line":45,"column":16},"end":{"line":45,"column":50}},{"start":{},"end":{}}],"line":45},"7":{"loc":{"start":{"line":51,"column":16},"end":{"line":53,"column":17}},"type":"if","locations":[{"start":{"line":51,"column":16},"end":{"line":53,"column":17}},{"start":{},"end":{}}],"line":51},"8":{"loc":{"start":{"line":51,"column":20},"end":{"line":51,"column":48}},"type":"binary-expr","locations":[{"start":{"line":51,"column":20},"end":{"line":51,"column":32}},{"start":{"line":51,"column":36},"end":{"line":51,"column":48}}],"line":51},"9":{"loc":{"start":{"line":70,"column":4},"end":{"line":70,"column":48}},"type":"if","locations":[{"start":{"line":70,"column":4},"end":{"line":70,"column":48}},{"start":{},"end":{}}],"line":70},"10":{"loc":{"start":{"line":97,"column":12},"end":{"line":102,"column":13}},"type":"if","locations":[{"start":{"line":97,"column":12},"end":{"line":102,"column":13}},{"start":{},"end":{}}],"line":97},"11":{"loc":{"start":{"line":104,"column":12},"end":{"line":108,"column":13}},"type":"if","locations":[{"start":{"line":104,"column":12},"end":{"line":108,"column":13}},{"start":{},"end":{}}],"line":104},"12":{"loc":{"start":{"line":111,"column":8},"end":{"line":135,"column":9}},"type":"if","locations":[{"start":{"line":111,"column":8},"end":{"line":135,"column":9}},{"start":{"line":125,"column":15},"end":{"line":135,"column":9}}],"line":111}},"s":{"0":1,"1":1,"2":1,"3":9,"4":1,"5":8,"6":8,"7":8,"8":8,"9":8,"10":8,"11":159,"12":159,"13":614,"14":614,"15":614,"16":518,"17":134,"18":384,"19":384,"20":203,"21":181,"22":181,"23":8,"24":173,"25":173,"26":0,"27":3,"28":1,"29":2,"30":2,"31":2,"32":5,"33":2,"34":2,"35":2,"36":5,"37":5,"38":5,"39":5,"40":5,"41":9,"42":9,"43":9,"44":1,"45":1,"46":1,"47":1,"48":8,"49":5,"50":5,"51":5,"52":5,"53":5,"54":5,"55":5,"56":5,"57":0,"58":0,"59":0,"60":0,"61":2},"f":{"0":9,"1":3,"2":5},"b":{"0":[1,8],"1":[9,4],"2":[518,96],"3":[614,589,579,536],"4":[134,384],"5":[518,241],"6":[203,181],"7":[8,173],"8":[181,24],"9":[1,2],"10":[1,8],"11":[5,3],"12":[5,0]},"_coverageSchema":"1a1c01bbd47fc00a2c39e90264f33305004495a9","hash":"bd1b2589cef2d0cd43942918d4473cd70965c0f0"}
}
