TN:
SF:server.js
FN:13,(anonymous_0)
FN:27,(anonymous_1)
FNF:2
FNH:0
FNDA:0,(anonymous_0)
FNDA:0,(anonymous_1)
DA:7,1
DA:8,1
DA:9,1
DA:10,1
DA:13,1
DA:14,0
DA:15,0
DA:16,0
DA:18,0
DA:19,0
DA:23,1
DA:26,1
DA:27,0
DA:28,0
LF:14
LH:7
BRDA:23,0,0,1
BRDA:23,0,1,0
BRDA:26,1,0,0
BRDA:26,1,1,1
BRF:4
BRH:2
end_of_record
TN:
SF:controllers/shoppingController.js
FN:20,(anonymous_0)
FN:42,(anonymous_1)
FN:57,(anonymous_2)
FN:94,(anonymous_3)
FN:139,(anonymous_4)
FN:158,(anonymous_5)
FN:228,(anonymous_6)
FN:234,(anonymous_7)
FN:250,(anonymous_8)
FN:254,(anonymous_9)
FN:266,(anonymous_10)
FN:288,(anonymous_11)
FNF:12
FNH:9
FNDA:3,(anonymous_0)
FNDA:3,(anonymous_1)
FNDA:2,(anonymous_2)
FNDA:2,(anonymous_3)
FNDA:2,(anonymous_4)
FNDA:3,(anonymous_5)
FNDA:2,(anonymous_6)
FNDA:2,(anonymous_7)
FNDA:0,(anonymous_8)
FNDA:0,(anonymous_9)
FNDA:0,(anonymous_10)
FNDA:2,(anonymous_11)
DA:20,2
DA:21,3
DA:22,3
DA:23,3
DA:25,3
DA:26,1
DA:30,2
DA:32,2
DA:38,0
DA:39,0
DA:42,2
DA:43,3
DA:44,3
DA:45,3
DA:46,1
DA:48,2
DA:49,2
DA:50,2
DA:52,0
DA:53,0
DA:57,2
DA:58,2
DA:59,2
DA:60,2
DA:61,0
DA:64,2
DA:67,2
DA:69,2
DA:70,0
DA:74,2
DA:75,2
DA:76,4
DA:77,4
DA:80,2
DA:87,0
DA:88,0
DA:89,0
DA:94,2
DA:95,2
DA:96,2
DA:97,2
DA:98,2
DA:99,0
DA:103,2
DA:105,2
DA:106,0
DA:107,0
DA:108,0
DA:109,0
DA:110,0
DA:111,0
DA:115,0
DA:120,2
DA:122,2
DA:123,0
DA:127,2
DA:130,2
DA:132,2
DA:136,2
DA:139,2
DA:141,2
DA:142,2
DA:148,2
DA:154,0
DA:155,0
DA:158,2
DA:159,3
DA:160,3
DA:161,1
DA:164,2
DA:165,2
DA:166,2
DA:168,2
DA:170,2
DA:172,2
DA:173,2
DA:174,2
DA:175,0
DA:176,0
DA:177,0
DA:179,0
DA:182,2
DA:183,0
DA:187,2
DA:188,2
DA:189,2
DA:195,2
DA:197,2
DA:198,0
DA:199,0
DA:200,0
DA:201,0
DA:202,0
DA:203,0
DA:207,0
DA:212,2
DA:214,2
DA:215,2
DA:216,2
DA:218,2
DA:222,2
DA:225,2
DA:226,2
DA:228,2
DA:229,2
DA:230,2
DA:234,2
DA:235,2
DA:238,2
DA:246,0
DA:247,0
DA:250,2
DA:254,2
DA:255,0
DA:256,0
DA:259,0
DA:262,0
DA:263,0
DA:266,0
DA:267,0
DA:271,0
DA:277,0
DA:283,0
DA:284,0
DA:288,2
DA:289,2
DA:290,2
DA:291,2
DA:292,0
DA:295,2
DA:296,2
DA:298,0
DA:299,0
LF:133
LH:85
BRDA:25,0,0,1
BRDA:25,0,1,2
BRDA:25,1,0,3
BRDA:25,1,1,2
BRDA:30,2,0,2
BRDA:30,2,1,0
BRDA:45,3,0,1
BRDA:45,3,1,2
BRDA:45,4,0,3
BRDA:45,4,1,3
BRDA:60,5,0,0
BRDA:60,5,1,2
BRDA:60,6,0,2
BRDA:60,6,1,2
BRDA:69,7,0,0
BRDA:69,7,1,2
BRDA:69,8,0,2
BRDA:69,8,1,2
BRDA:98,9,0,0
BRDA:98,9,1,2
BRDA:108,10,0,0
BRDA:108,10,1,0
BRDA:110,11,0,0
BRDA:110,11,1,0
BRDA:122,12,0,0
BRDA:122,12,1,2
BRDA:141,13,0,2
BRDA:141,13,1,0
BRDA:160,14,0,1
BRDA:160,14,1,2
BRDA:172,15,0,2
BRDA:172,15,1,0
BRDA:175,16,0,0
BRDA:175,16,1,0
BRDA:182,17,0,0
BRDA:182,17,1,2
BRDA:182,18,0,2
BRDA:182,18,1,2
BRDA:200,19,0,0
BRDA:200,19,1,0
BRDA:202,20,0,0
BRDA:202,20,1,0
BRDA:214,21,0,2
BRDA:214,21,1,0
BRDA:229,22,0,2
BRDA:229,22,1,0
BRDA:247,23,0,0
BRDA:247,23,1,0
BRDA:267,24,0,0
BRDA:267,24,1,0
BRDA:291,25,0,0
BRDA:291,25,1,2
BRF:52
BRH:27
end_of_record
TN:
SF:db/db.js
FNF:0
FNH:0
DA:4,1
LF:1
LH:1
BRF:0
BRH:0
end_of_record
TN:
SF:routes/shoppingRoutes.js
FNF:0
FNH:0
DA:7,1
DA:8,1
DA:12,1
DA:15,1
DA:16,1
DA:17,1
DA:20,1
DA:21,1
LF:8
LH:8
BRF:0
BRH:0
end_of_record
TN:
SF:utils/pathfinding.js
FN:12,getBFS_Path
FN:69,calculateShortestPath
FN:77,(anonymous_2)
FNF:3
FNH:3
FNDA:9,getBFS_Path
FNDA:3,calculateShortestPath
FNDA:5,(anonymous_2)
DA:2,1
DA:3,1
DA:6,1
DA:13,9
DA:14,1
DA:18,8
DA:19,8
DA:20,8
DA:21,8
DA:23,8
DA:30,8
DA:31,159
DA:33,159
DA:34,614
DA:35,614
DA:37,614
DA:40,518
DA:41,134
DA:44,384
DA:45,384
DA:48,181
DA:51,181
DA:52,8
DA:55,173
DA:56,173
DA:61,0
DA:70,3
DA:73,2
DA:74,2
DA:77,5
DA:83,2
DA:84,2
DA:86,2
DA:87,5
DA:88,5
DA:89,5
DA:91,5
DA:92,9
DA:93,9
DA:97,9
DA:98,1
DA:99,1
DA:100,1
DA:101,1
DA:104,8
DA:105,5
DA:106,5
DA:107,5
DA:111,5
DA:112,5
DA:115,5
DA:121,5
DA:124,5
DA:128,0
DA:129,0
DA:133,0
DA:134,0
DA:138,2
LF:58
LH:53
BRDA:13,0,0,1
BRDA:13,0,1,8
BRDA:13,1,0,9
BRDA:13,1,1,4
BRDA:37,2,0,518
BRDA:37,2,1,96
BRDA:37,3,0,614
BRDA:37,3,1,589
BRDA:37,3,2,579
BRDA:37,3,3,536
BRDA:40,4,0,134
BRDA:40,4,1,384
BRDA:40,5,0,518
BRDA:40,5,1,241
BRDA:45,6,0,203
BRDA:45,6,1,181
BRDA:51,7,0,8
BRDA:51,7,1,173
BRDA:51,8,0,181
BRDA:51,8,1,24
BRDA:70,9,0,1
BRDA:70,9,1,2
BRDA:97,10,0,1
BRDA:97,10,1,8
BRDA:104,11,0,5
BRDA:104,11,1,3
BRDA:111,12,0,5
BRDA:111,12,1,0
BRF:28
BRH:27
end_of_record
